<?xml version="1.0" encoding="UTF-8" ?>
<testsuite errors="0" failures="0" hostname="Juan-PC" name="TableroTest.TableroTest" skipped="0" tests="19" time="0.039" timestamp="2013-11-11T01:07:48">
  <properties>
[...]
</properties>
  <testcase classname="TableroTest.TableroTest" name="testTableroRevisaPosicionValidaEsquinaSuperiorDerecha" time="0.0" />
  <testcase classname="TableroTest.TableroTest" name="testTableroRevisaPosicionValidaEsquinainferiorDerecha" time="0.0" />
  <testcase classname="TableroTest.TableroTest" name="testTableroRevisaPosicionFueraDeRangoBordeIzquierdo" time="0.0" />
  <testcase classname="TableroTest.TableroTest" name="testTableroRevisaPosicionFueraDeRangoBordeIzquierdo2" time="0.0" />
  <testcase classname="TableroTest.TableroTest" name="testTableroRevisaPosicionFueraDeRangoBordeDerecho" time="0.0" />
  <testcase classname="TableroTest.TableroTest" name="testTableroRevisaPosicionFueraDeRangoBordeDerecho2" time="0.001" />
  <testcase classname="TableroTest.TableroTest" name="testTableroRevisaPosicionFueraDeRangoBordeSuperior" time="0.001" />
  <testcase classname="TableroTest.TableroTest" name="testTableroRevisaPosicionFueraDeRangoBordeSuperior2" time="0.001" />
  <testcase classname="TableroTest.TableroTest" name="testTableroRevisaPosicionFueraDeRangoBordeInferior2" time="0.0" />
  <testcase classname="TableroTest.TableroTest" name="testTableroRevisaPosicionValidaEnELCentro" time="0.0" />
  <testcase classname="TableroTest.TableroTest" name="testTableroRevisaPosicionValidaEnELCentro2" time="0.0" />
  <testcase classname="TableroTest.TableroTest" name="testTableroRevisaPosicionValidaEsquinaSuperiorIzquierda" time="0.0" />
  <testcase classname="TableroTest.TableroTest" name="testTableroRevisaPosicionValidaEsquinaSuperiorIzquierda2" time="0.0" />
  <testcase classname="TableroTest.TableroTest" name="testTableroRevisaPosicionValidaEsquinaSuperiorDerecha2" time="0.0" />
  <testcase classname="TableroTest.TableroTest" name="testTableroRevisaPosicionValidaEsquinainferiorIzquierda" time="0.0" />
  <testcase classname="TableroTest.TableroTest" name="testTableroRevisaPosicionValidaEsquinainferiorIzquierda2" time="0.0" />
  <testcase classname="TableroTest.TableroTest" name="testTableroRevisaPosicionValidaEsquinainferiorDerecha2" time="0.001" />
  <testcase classname="TableroTest.TableroTest" name="testTableroDevuelveBienLasFilas" time="0.0" />
  <testcase classname="TableroTest.TableroTest" name="testTableroDevuelveBienLasColumnas" time="0.0" />
  <system-out><![CDATA[]]></system-out>
  <system-err><![CDATA[]]></system-err>
</testsuite>
